2017-12-11 15:10:44,285 - Velocimacro : allowInline = true : VMs can be defined inline in templates
2017-12-11 15:10:44,285 - Velocimacro : allowInlineToOverride = false : VMs defined inline may NOT replace previous VM definitions
2017-12-11 15:10:44,285 - Velocimacro : allowInlineLocal = false : VMs defined inline will be global in scope if allowed.
2017-12-11 15:10:44,285 - Velocimacro : autoload off : VM system will not automatically reload global library macros
2017-12-11 15:10:44,533 - ResourceManager : found domain.vm with loader org.apache.velocity.runtime.resource.loader.FileResourceLoader
2017-12-11 15:10:44,553 - ResourceManager : found mapper.vm with loader org.apache.velocity.runtime.resource.loader.FileResourceLoader
2017-12-11 15:10:44,564 - ResourceManager : found mapperInterface.vm with loader org.apache.velocity.runtime.resource.loader.FileResourceLoader
2017-12-11 15:10:44,573 - ResourceManager : found service.vm with loader org.apache.velocity.runtime.resource.loader.FileResourceLoader
2017-12-11 15:10:44,577 - ResourceManager : found serviceImpl.vm with loader org.apache.velocity.runtime.resource.loader.FileResourceLoader
2017-12-11 15:10:44,579 - ResourceManager : found vo.vm with loader org.apache.velocity.runtime.resource.loader.FileResourceLoader
2017-12-11 15:10:44,581 - ResourceManager : found controller.vm with loader org.apache.velocity.runtime.resource.loader.FileResourceLoader
2017-12-11 15:10:57,940 - Log4JLogChute initialized using file 'velocity.log'
2017-12-11 15:10:57,940 - Initializing Velocity, Calling init()...
2017-12-11 15:10:57,941 - Starting Apache Velocity v1.7 (compiled: 2010-11-19 12:14:37)
2017-12-11 15:10:57,941 - Default Properties File: org\apache\velocity\runtime\defaults\velocity.properties
2017-12-11 15:10:57,941 - Trying to use logger class org.apache.velocity.runtime.log.AvalonLogChute
2017-12-11 15:10:57,941 - Target log system for org.apache.velocity.runtime.log.AvalonLogChute is not available (java.lang.NoClassDefFoundError: org/apache/log/format/Formatter).  Falling back to next log system...
2017-12-11 15:10:57,941 - Trying to use logger class org.apache.velocity.runtime.log.Log4JLogChute
2017-12-11 15:10:57,941 - Using logger class org.apache.velocity.runtime.log.Log4JLogChute
2017-12-11 15:10:57,944 - ResourceLoader instantiated: org.apache.velocity.runtime.resource.loader.FileResourceLoader
2017-12-11 15:10:57,947 - Do unicode file recognition:  false
2017-12-11 15:10:57,947 - FileResourceLoader : adding path '/G:/myProject/code/code/Code/bin/'
2017-12-11 15:10:57,956 - ResourceCache: initialized (class org.apache.velocity.runtime.resource.ResourceCacheImpl) with class java.util.Collections$SynchronizedMap cache map.
2017-12-11 15:10:57,957 - Loaded System Directive: org.apache.velocity.runtime.directive.Stop
2017-12-11 15:10:57,958 - Loaded System Directive: org.apache.velocity.runtime.directive.Define
2017-12-11 15:10:57,958 - Loaded System Directive: org.apache.velocity.runtime.directive.Break
2017-12-11 15:10:57,959 - Loaded System Directive: org.apache.velocity.runtime.directive.Evaluate
2017-12-11 15:10:57,959 - Loaded System Directive: org.apache.velocity.runtime.directive.Literal
2017-12-11 15:10:57,960 - Loaded System Directive: org.apache.velocity.runtime.directive.Macro
2017-12-11 15:10:57,960 - Loaded System Directive: org.apache.velocity.runtime.directive.Parse
2017-12-11 15:10:57,961 - Loaded System Directive: org.apache.velocity.runtime.directive.Include
2017-12-11 15:10:57,962 - Loaded System Directive: org.apache.velocity.runtime.directive.Foreach
2017-12-11 15:10:57,986 - Created '20' parsers.
2017-12-11 15:10:57,989 - Velocimacro : "velocimacro.library" is not set.  Trying default library: VM_global_library.vm
2017-12-11 15:10:57,989 - Velocimacro : Default library not found.
2017-12-11 15:10:57,989 - Velocimacro : allowInline = true : VMs can be defined inline in templates
2017-12-11 15:10:57,989 - Velocimacro : allowInlineToOverride = false : VMs defined inline may NOT replace previous VM definitions
2017-12-11 15:10:57,989 - Velocimacro : allowInlineLocal = false : VMs defined inline will be global in scope if allowed.
2017-12-11 15:10:57,989 - Velocimacro : autoload off : VM system will not automatically reload global library macros
2017-12-11 15:10:58,243 - ResourceManager : found domain.vm with loader org.apache.velocity.runtime.resource.loader.FileResourceLoader
2017-12-11 15:10:58,262 - ResourceManager : found mapper.vm with loader org.apache.velocity.runtime.resource.loader.FileResourceLoader
2017-12-11 15:10:58,272 - ResourceManager : found mapperInterface.vm with loader org.apache.velocity.runtime.resource.loader.FileResourceLoader
2017-12-11 15:10:58,280 - ResourceManager : found service.vm with loader org.apache.velocity.runtime.resource.loader.FileResourceLoader
2017-12-11 15:10:58,283 - ResourceManager : found serviceImpl.vm with loader org.apache.velocity.runtime.resource.loader.FileResourceLoader
2017-12-11 15:10:58,285 - ResourceManager : found vo.vm with loader org.apache.velocity.runtime.resource.loader.FileResourceLoader
2017-12-11 15:10:58,286 - ResourceManager : found controller.vm with loader org.apache.velocity.runtime.resource.loader.FileResourceLoader
2017-12-11 15:11:10,062 - Log4JLogChute initialized using file 'velocity.log'
2017-12-11 15:11:10,062 - Initializing Velocity, Calling init()...
2017-12-11 15:11:10,062 - Starting Apache Velocity v1.7 (compiled: 2010-11-19 12:14:37)
2017-12-11 15:11:10,062 - Default Properties File: org\apache\velocity\runtime\defaults\velocity.properties
2017-12-11 15:11:10,062 - Trying to use logger class org.apache.velocity.runtime.log.AvalonLogChute
2017-12-11 15:11:10,062 - Target log system for org.apache.velocity.runtime.log.AvalonLogChute is not available (java.lang.NoClassDefFoundError: org/apache/log/format/Formatter).  Falling back to next log system...
2017-12-11 15:11:10,062 - Trying to use logger class org.apache.velocity.runtime.log.Log4JLogChute
2017-12-11 15:11:10,062 - Using logger class org.apache.velocity.runtime.log.Log4JLogChute
2017-12-11 15:11:10,066 - ResourceLoader instantiated: org.apache.velocity.runtime.resource.loader.FileResourceLoader
2017-12-11 15:11:10,070 - Do unicode file recognition:  false
2017-12-11 15:11:10,070 - FileResourceLoader : adding path '/G:/myProject/code/code/Code/bin/'
2017-12-11 15:11:10,079 - ResourceCache: initialized (class org.apache.velocity.runtime.resource.ResourceCacheImpl) with class java.util.Collections$SynchronizedMap cache map.
2017-12-11 15:11:10,080 - Loaded System Directive: org.apache.velocity.runtime.directive.Stop
2017-12-11 15:11:10,081 - Loaded System Directive: org.apache.velocity.runtime.directive.Define
2017-12-11 15:11:10,081 - Loaded System Directive: org.apache.velocity.runtime.directive.Break
2017-12-11 15:11:10,082 - Loaded System Directive: org.apache.velocity.runtime.directive.Evaluate
2017-12-11 15:11:10,083 - Loaded System Directive: org.apache.velocity.runtime.directive.Literal
2017-12-11 15:11:10,083 - Loaded System Directive: org.apache.velocity.runtime.directive.Macro
2017-12-11 15:11:10,084 - Loaded System Directive: org.apache.velocity.runtime.directive.Parse
2017-12-11 15:11:10,085 - Loaded System Directive: org.apache.velocity.runtime.directive.Include
2017-12-11 15:11:10,085 - Loaded System Directive: org.apache.velocity.runtime.directive.Foreach
2017-12-11 15:11:10,108 - Created '20' parsers.
2017-12-11 15:11:10,112 - Velocimacro : "velocimacro.library" is not set.  Trying default library: VM_global_library.vm
2017-12-11 15:11:10,112 - Velocimacro : Default library not found.
2017-12-11 15:11:10,112 - Velocimacro : allowInline = true : VMs can be defined inline in templates
2017-12-11 15:11:10,112 - Velocimacro : allowInlineToOverride = false : VMs defined inline may NOT replace previous VM definitions
2017-12-11 15:11:10,112 - Velocimacro : allowInlineLocal = false : VMs defined inline will be global in scope if allowed.
2017-12-11 15:11:10,112 - Velocimacro : autoload off : VM system will not automatically reload global library macros
2017-12-11 15:11:10,355 - ResourceManager : found domain.vm with loader org.apache.velocity.runtime.resource.loader.FileResourceLoader
2017-12-11 15:11:10,374 - ResourceManager : found mapper.vm with loader org.apache.velocity.runtime.resource.loader.FileResourceLoader
2017-12-11 15:11:10,384 - ResourceManager : found mapperInterface.vm with loader org.apache.velocity.runtime.resource.loader.FileResourceLoader
2017-12-11 15:11:10,392 - ResourceManager : found service.vm with loader org.apache.velocity.runtime.resource.loader.FileResourceLoader
2017-12-11 15:11:10,394 - ResourceManager : found serviceImpl.vm with loader org.apache.velocity.runtime.resource.loader.FileResourceLoader
2017-12-11 15:11:10,396 - ResourceManager : found vo.vm with loader org.apache.velocity.runtime.resource.loader.FileResourceLoader
2017-12-11 15:11:10,397 - ResourceManager : found controller.vm with loader org.apache.velocity.runtime.resource.loader.FileResourceLoader
2017-12-11 15:11:24,607 - Log4JLogChute initialized using file 'velocity.log'
2017-12-11 15:11:24,608 - Initializing Velocity, Calling init()...
2017-12-11 15:11:24,608 - Starting Apache Velocity v1.7 (compiled: 2010-11-19 12:14:37)
2017-12-11 15:11:24,608 - Default Properties File: org\apache\velocity\runtime\defaults\velocity.properties
2017-12-11 15:11:24,608 - Trying to use logger class org.apache.velocity.runtime.log.AvalonLogChute
2017-12-11 15:11:24,608 - Target log system for org.apache.velocity.runtime.log.AvalonLogChute is not available (java.lang.NoClassDefFoundError: org/apache/log/format/Formatter).  Falling back to next log system...
2017-12-11 15:11:24,608 - Trying to use logger class org.apache.velocity.runtime.log.Log4JLogChute
2017-12-11 15:11:24,608 - Using logger class org.apache.velocity.runtime.log.Log4JLogChute
2017-12-11 15:11:24,611 - ResourceLoader instantiated: org.apache.velocity.runtime.resource.loader.FileResourceLoader
2017-12-11 15:11:24,614 - Do unicode file recognition:  false
2017-12-11 15:11:24,614 - FileResourceLoader : adding path '/G:/myProject/code/code/Code/bin/'
2017-12-11 15:11:24,622 - ResourceCache: initialized (class org.apache.velocity.runtime.resource.ResourceCacheImpl) with class java.util.Collections$SynchronizedMap cache map.
2017-12-11 15:11:24,623 - Loaded System Directive: org.apache.velocity.runtime.directive.Stop
2017-12-11 15:11:24,624 - Loaded System Directive: org.apache.velocity.runtime.directive.Define
2017-12-11 15:11:24,624 - Loaded System Directive: org.apache.velocity.runtime.directive.Break
2017-12-11 15:11:24,625 - Loaded System Directive: org.apache.velocity.runtime.directive.Evaluate
2017-12-11 15:11:24,625 - Loaded System Directive: org.apache.velocity.runtime.directive.Literal
2017-12-11 15:11:24,626 - Loaded System Directive: org.apache.velocity.runtime.directive.Macro
2017-12-11 15:11:24,627 - Loaded System Directive: org.apache.velocity.runtime.directive.Parse
2017-12-11 15:11:24,627 - Loaded System Directive: org.apache.velocity.runtime.directive.Include
2017-12-11 15:11:24,628 - Loaded System Directive: org.apache.velocity.runtime.directive.Foreach
2017-12-11 15:11:24,650 - Created '20' parsers.
2017-12-11 15:11:24,654 - Velocimacro : "velocimacro.library" is not set.  Trying default library: VM_global_library.vm
2017-12-11 15:11:24,654 - Velocimacro : Default library not found.
2017-12-11 15:11:24,654 - Velocimacro : allowInline = true : VMs can be defined inline in templates
2017-12-11 15:11:24,654 - Velocimacro : allowInlineToOverride = false : VMs defined inline may NOT replace previous VM definitions
2017-12-11 15:11:24,654 - Velocimacro : allowInlineLocal = false : VMs defined inline will be global in scope if allowed.
2017-12-11 15:11:24,654 - Velocimacro : autoload off : VM system will not automatically reload global library macros
2017-12-11 15:11:24,904 - ResourceManager : found domain.vm with loader org.apache.velocity.runtime.resource.loader.FileResourceLoader
2017-12-11 15:11:24,924 - ResourceManager : found mapper.vm with loader org.apache.velocity.runtime.resource.loader.FileResourceLoader
2017-12-11 15:11:24,935 - ResourceManager : found mapperInterface.vm with loader org.apache.velocity.runtime.resource.loader.FileResourceLoader
2017-12-11 15:11:24,944 - ResourceManager : found service.vm with loader org.apache.velocity.runtime.resource.loader.FileResourceLoader
2017-12-11 15:11:24,947 - ResourceManager : found serviceImpl.vm with loader org.apache.velocity.runtime.resource.loader.FileResourceLoader
2017-12-11 15:11:24,948 - ResourceManager : found vo.vm with loader org.apache.velocity.runtime.resource.loader.FileResourceLoader
2017-12-11 15:11:24,950 - ResourceManager : found controller.vm with loader org.apache.velocity.runtime.resource.loader.FileResourceLoader
2017-12-11 15:11:36,557 - Log4JLogChute initialized using file 'velocity.log'
2017-12-11 15:11:36,558 - Initializing Velocity, Calling init()...
2017-12-11 15:11:36,558 - Starting Apache Velocity v1.7 (compiled: 2010-11-19 12:14:37)
2017-12-11 15:11:36,558 - Default Properties File: org\apache\velocity\runtime\defaults\velocity.properties
2017-12-11 15:11:36,558 - Trying to use logger class org.apache.velocity.runtime.log.AvalonLogChute
2017-12-11 15:11:36,558 - Target log system for org.apache.velocity.runtime.log.AvalonLogChute is not available (java.lang.NoClassDefFoundError: org/apache/log/format/Formatter).  Falling back to next log system...
2017-12-11 15:11:36,558 - Trying to use logger class org.apache.velocity.runtime.log.Log4JLogChute
2017-12-11 15:11:36,558 - Using logger class org.apache.velocity.runtime.log.Log4JLogChute
2017-12-11 15:11:36,561 - ResourceLoader instantiated: org.apache.velocity.runtime.resource.loader.FileResourceLoader
2017-12-11 15:11:36,564 - Do unicode file recognition:  false
2017-12-11 15:11:36,564 - FileResourceLoader : adding path '/G:/myProject/code/code/Code/bin/'
2017-12-11 15:11:36,573 - ResourceCache: initialized (class org.apache.velocity.runtime.resource.ResourceCacheImpl) with class java.util.Collections$SynchronizedMap cache map.
2017-12-11 15:11:36,574 - Loaded System Directive: org.apache.velocity.runtime.directive.Stop
2017-12-11 15:11:36,574 - Loaded System Directive: org.apache.velocity.runtime.directive.Define
2017-12-11 15:11:36,575 - Loaded System Directive: org.apache.velocity.runtime.directive.Break
2017-12-11 15:11:36,575 - Loaded System Directive: org.apache.velocity.runtime.directive.Evaluate
2017-12-11 15:11:36,576 - Loaded System Directive: org.apache.velocity.runtime.directive.Literal
2017-12-11 15:11:36,576 - Loaded System Directive: org.apache.velocity.runtime.directive.Macro
2017-12-11 15:11:36,577 - Loaded System Directive: org.apache.velocity.runtime.directive.Parse
2017-12-11 15:11:36,578 - Loaded System Directive: org.apache.velocity.runtime.directive.Include
2017-12-11 15:11:36,578 - Loaded System Directive: org.apache.velocity.runtime.directive.Foreach
2017-12-11 15:11:36,600 - Created '20' parsers.
2017-12-11 15:11:36,604 - Velocimacro : "velocimacro.library" is not set.  Trying default library: VM_global_library.vm
2017-12-11 15:11:36,604 - Velocimacro : Default library not found.
2017-12-11 15:11:36,604 - Velocimacro : allowInline = true : VMs can be defined inline in templates
2017-12-11 15:11:36,604 - Velocimacro : allowInlineToOverride = false : VMs defined inline may NOT replace previous VM definitions
2017-12-11 15:11:36,604 - Velocimacro : allowInlineLocal = false : VMs defined inline will be global in scope if allowed.
2017-12-11 15:11:36,604 - Velocimacro : autoload off : VM system will not automatically reload global library macros
2017-12-11 15:11:36,853 - ResourceManager : found domain.vm with loader org.apache.velocity.runtime.resource.loader.FileResourceLoader
2017-12-11 15:11:36,872 - ResourceManager : found mapper.vm with loader org.apache.velocity.runtime.resource.loader.FileResourceLoader
2017-12-11 15:11:36,882 - ResourceManager : found mapperInterface.vm with loader org.apache.velocity.runtime.resource.loader.FileResourceLoader
2017-12-11 15:11:36,890 - ResourceManager : found service.vm with loader org.apache.velocity.runtime.resource.loader.FileResourceLoader
2017-12-11 15:11:36,893 - ResourceManager : found serviceImpl.vm with loader org.apache.velocity.runtime.resource.loader.FileResourceLoader
2017-12-11 15:11:36,895 - ResourceManager : found vo.vm with loader org.apache.velocity.runtime.resource.loader.FileResourceLoader
2017-12-11 15:11:36,897 - ResourceManager : found controller.vm with loader org.apache.velocity.runtime.resource.loader.FileResourceLoader
